
1.3.elf:     file format elf32-littlearm


Disassembly of section .text:

20000000 <i-0x20>:
	LDR	R1, =c
20000000:	4909      	ldr	r1, [pc, #36]	@ (20000028 <c+0x2>)
	MOV	R0, #'A'
20000002:	2041      	movs	r0, #65	@ 0x41
	STRB	R0, [R1]
20000004:	7008      	strb	r0, [r1, #0]
	LDR	R1, =s
20000006:	4909      	ldr	r1, [pc, #36]	@ (2000002c <c+0x6>)
	LDRH	R0, =1000
20000008:	4809      	ldr	r0, [pc, #36]	@ (20000030 <c+0xa>)
	STRH	R0, [R1]
2000000a:	8008      	strh	r0, [r1, #0]
	LDR	R1, =i
2000000c:	4909      	ldr	r1, [pc, #36]	@ (20000034 <c+0xe>)
	LDR	R0, =100000
2000000e:	480a      	ldr	r0, [pc, #40]	@ (20000038 <c+0x12>)
	STR	R0, [R1]
20000010:	6008      	str	r0, [r1, #0]
20000012:	46c0      	nop			@ (mov r8, r8)
20000014:	46c0      	nop			@ (mov r8, r8)
20000016:	46c0      	nop			@ (mov r8, r8)
20000018:	46c0      	nop			@ (mov r8, r8)
2000001a:	46c0      	nop			@ (mov r8, r8)
2000001c:	46c0      	nop			@ (mov r8, r8)
2000001e:	46c0      	nop			@ (mov r8, r8)

20000020 <i>:
20000020:	00000000 	.word	0x00000000

20000024 <s>:
	...

20000026 <c>:
20000026:	0000      	.short	0x0000
	LDR	R1, =c
20000028:	20000026 	.word	0x20000026
	LDR	R1, =s
2000002c:	20000024 	.word	0x20000024
	LDRH	R0, =1000
20000030:	000003e8 	.word	0x000003e8
	LDR	R1, =i
20000034:	20000020 	.word	0x20000020
	LDR	R0, =100000
20000038:	000186a0 	.word	0x000186a0

2000003c <__bss_end__>:
	...

20001000 <heap_low>:
	...

20001800 <heap_top>:
	...